#
# A fatal error has been detected by the Java Runtime Environment:
#
#  EXCEPTION_ACCESS_VIOLATION (0xc0000005) at pc=0x0000000070307a9a, pid=8520, tid=0x00000000000013f0
#
# JRE version: Java(TM) SE Runtime Environment (8.0_112-b15) (build 1.8.0_112-b15)
# Java VM: Java HotSpot(TM) 64-Bit Server VM (25.112-b15 mixed mode windows-amd64 compressed oops)
# Problematic frame:
# V  [jvm.dll+0x3f7a9a]
#
# Failed to write core dump. Minidumps are not enabled by default on client versions of Windows
#
# If you would like to submit a bug report, please visit:
#   http://bugreport.java.com/bugreport/crash.jsp
#

---------------  T H R E A D  ---------------

Current thread (0x0000000002514800):  GCTaskThread [stack: 0x00000000121a0000,0x00000000122a0000] [id=5104]

siginfo: ExceptionCode=0xc0000005, reading address 0x0000000000000125

Registers:
RAX=0x000000000000001d, RBX=0x0000000000002683, RCX=0x00000000a088fe90, RDX=0x00000000025dfd20
RSP=0x000000001229fb50, RBP=0x000000001229fc69, RSI=0x00000000025dfd20, RDI=0x00000000025dfd20
R8 =0x00000000a0b4c140, R9 =0x00000000a088fe90, R10=0x000000000000000c, R11=0x0000000000002683
R12=0x00000000705634d8, R13=0x0000000002511f00, R14=0x0000000002514eb0, R15=0x0000000000000000
RIP=0x0000000070307a9a, EFLAGS=0x0000000000010206

Top of Stack: (sp=0x000000001229fb50)
0x000000001229fb50:   00000000562e3458 000000001229fc69
0x000000001229fb60:   00000000025dfd20 00000000705634d8
0x000000001229fb70:   00000000562d0da8 000000001229fc69
0x000000001229fb80:   0000000000000000 0000000000000004
0x000000001229fb90:   00000000025dfd20 00000000700230d2
0x000000001229fba0:   00000000a0001910 0000000000000000
0x000000001229fbb0:   0000000000000000 0000000002511f00
0x000000001229fbc0:   0000000002514ec0 0000000002514eb0
0x000000001229fbd0:   00000000705634d8 00000000025dfd20
0x000000001229fbe0:   0000000000000000 000000001229fc69
0x000000001229fbf0:   0000000055e15540 0000000070304a40
0x000000001229fc00:   00000000a0b4c140 0000000000000000
0x000000001229fc10:   0000000002515700 00000000701270b4
0x000000001229fc20:   00000000705623d0 00000000024de800
0x000000001229fc30:   00000000025dfd20 00000000705623f8
0x000000001229fc40:   0000000002514800 000000001229fc20 

Instructions: (pc=0x0000000070307a9a)
0x0000000070307a7a:   00 74 28 8b 0d 25 6d 3a 00 45 8b 48 08 48 8b d6
0x0000000070307a8a:   49 d3 e1 4c 03 0d 0c 6d 3a 00 49 8b c9 49 8b 01
0x0000000070307a9a:   ff 90 08 01 00 00 e9 1b ff ff ff 4d 8b 48 08 48
0x0000000070307aaa:   8b d6 49 8b 01 49 8b c9 ff 90 08 01 00 00 e9 03 


Register to memory mapping:

RAX=0x000000000000001d is an unknown value
RBX=0x0000000000002683 is an unknown value
RCX=0x00000000a088fe90 is an oop
org.jetbrains.kotlin.lexer.KtToken 
 - klass: 'org/jetbrains/kotlin/lexer/KtToken'
RDX=0x00000000025dfd20 is an unknown value
RSP=0x000000001229fb50 is an unknown value
RBP=0x000000001229fc69 is an unknown value
RSI=0x00000000025dfd20 is an unknown value
RDI=0x00000000025dfd20 is an unknown value
R8 =0x00000000a0b4c140 is pointing into object: 0x00000000a0b4c128
org.jetbrains.kotlin.com.intellij.psi.impl.source.tree.LeafPsiElement 
 - klass: 'org/jetbrains/kotlin/com/intellij/psi/impl/source/tree/LeafPsiElement'
R9 =0x00000000a088fe90 is an oop
org.jetbrains.kotlin.lexer.KtToken 
 - klass: 'org/jetbrains/kotlin/lexer/KtToken'
R10=0x000000000000000c is an unknown value
R11=0x0000000000002683 is an unknown value
R12=0x00000000705634d8 is an unknown value
R13=0x0000000002511f00 is an unknown value
R14=0x0000000002514eb0 is an unknown value
R15=0x0000000000000000 is an unknown value


Stack: [0x00000000121a0000,0x00000000122a0000],  sp=0x000000001229fb50,  free space=1022k
Native frames: (J=compiled Java code, j=interpreted, Vv=VM code, C=native code)
V  [jvm.dll+0x3f7a9a]
V  [jvm.dll+0x3f4a40]
V  [jvm.dll+0x3f265e]
V  [jvm.dll+0x29c36a]
C  [msvcr100.dll+0x21d9f]
C  [msvcr100.dll+0x21e3b]
C  [kernel32.dll+0x159cd]
C  [ntdll.dll+0x2a561]


---------------  P R O C E S S  ---------------

Java Threads: ( => current thread )
  0x000000005841a000 JavaThread "RMI RenewClean-[localhost:61207,org.jetbrains.kotlin.daemon.common.LoopbackNetworkInterface$ClientLoopbackSocketFactory@575ee4b5]" daemon [_thread_blocked, id=4292, stack(0x0000000057fc0000,0x00000000580c0000)]
  0x00000000583aa000 JavaThread "RMI Scheduler(0)" daemon [_thread_blocked, id=5640, stack(0x00000000590f0000,0x00000000591f0000)]
  0x0000000002500000 JavaThread "DestroyJavaVM" [_thread_blocked, id=9204, stack(0x0000000002740000,0x0000000002840000)]
  0x00000000581e0800 JavaThread "GC Daemon" daemon [_thread_blocked, id=5448, stack(0x0000000058ce0000,0x0000000058de0000)]
  0x00000000576de000 JavaThread "RMI Reaper" [_thread_blocked, id=6128, stack(0x0000000058a50000,0x0000000058b50000)]
  0x0000000057703800 JavaThread "Timer-0" daemon [_thread_blocked, id=7272, stack(0x0000000057b50000,0x0000000057c50000)]
  0x000000005770a000 JavaThread "RMI TCP Accept-17518" daemon [_thread_in_native, id=7248, stack(0x0000000057e90000,0x0000000057f90000)]
  0x000000005734d000 JavaThread "Service Thread" daemon [_thread_blocked, id=6852, stack(0x00000000578f0000,0x00000000579f0000)]
  0x0000000055f9d000 JavaThread "C1 CompilerThread1" daemon [_thread_blocked, id=8680, stack(0x0000000057780000,0x0000000057880000)]
  0x0000000055f55000 JavaThread "C2 CompilerThread0" daemon [_thread_blocked, id=5500, stack(0x0000000057230000,0x0000000057330000)]
  0x0000000055f48800 JavaThread "Attach Listener" daemon [_thread_blocked, id=3432, stack(0x0000000056e10000,0x0000000056f10000)]
  0x0000000055f32800 JavaThread "Signal Dispatcher" daemon [_thread_blocked, id=6904, stack(0x0000000056f90000,0x0000000057090000)]
  0x0000000055f1e800 JavaThread "Finalizer" daemon [_thread_blocked, id=5380, stack(0x0000000056b30000,0x0000000056c30000)]
  0x0000000055ed5000 JavaThread "Reference Handler" daemon [_thread_blocked, id=6160, stack(0x0000000056cf0000,0x0000000056df0000)]

Other Threads:
  0x0000000055ecd000 VMThread [stack: 0x0000000056a10000,0x0000000056b10000] [id=2808]
  0x0000000057383000 WatcherThread [stack: 0x00000000570b0000,0x00000000571b0000] [id=7368]

=>0x0000000002514800 (exited) GCTaskThread [stack: 0x00000000121a0000,0x00000000122a0000] [id=5104]

VM state:at safepoint (normal execution)

VM Mutex/Monitor currently owned by a thread:  ([mutex/lock_event])
[0x00000000024dd690] Threads_lock - owner thread: 0x0000000055ecd000
[0x00000000024ddb90] Heap_lock - owner thread: 0x00000000581e0800

Heap:
 PSYoungGen      total 484352K, used 2519K [0x00000000e0000000, 0x00000000ffc80000, 0x0000000100000000)
  eden space 449024K, 0% used [0x00000000e0000000,0x00000000e0000000,0x00000000fb680000)
  from space 35328K, 7% used [0x00000000fb680000,0x00000000fb8f5ce8,0x00000000fd900000)
  to   space 35840K, 0% used [0x00000000fd980000,0x00000000fd980000,0x00000000ffc80000)
 ParOldGen       total 161280K, used 76050K [0x00000000a0000000, 0x00000000a9d80000, 0x00000000e0000000)
  object space 161280K, 47% used [0x00000000a0000000,0x00000000a4a44ae0,0x00000000a9d80000)
 Metaspace       used 56672K, capacity 57738K, committed 57984K, reserved 1099776K
  class space    used 6526K, capacity 6763K, committed 6784K, reserved 1048576K

Card table byte_map: [0x0000000011c00000,0x0000000011f10000] byte_map_base: 0x0000000011700000

Marking Bits: (ParMarkBitMap*) 0x000000007072a6d0
 Begin Bits: [0x00000000122a0000, 0x0000000013aa0000)
 End Bits:   [0x0000000013aa0000, 0x00000000152a0000)

Polling page: 0x0000000000230000

CodeCache: size=245760Kb used=38108Kb max_used=39873Kb free=207651Kb
 bounds [0x0000000002840000, 0x0000000004f70000, 0x0000000011840000]
 total_blobs=12243 nmethods=11728 adapters=424
 compilation: enabled

Compilation events (10 events):
Event: 1797.669 Thread 0x0000000055f55000 13838       4       java.util.AbstractSet::removeAll (97 bytes)
Event: 1797.765 Thread 0x0000000055f55000 nmethod 13838 0x0000000002d669d0 code [0x0000000002d66ce0, 0x0000000002d68e18]
Event: 2101.835 Thread 0x0000000055f9d000 13839       1       java.io.ObjectStreamClass$FieldReflectorKey::hashCode (5 bytes)
Event: 2101.836 Thread 0x0000000055f9d000 nmethod 13839 0x0000000003c0da10 code [0x0000000003c0db60, 0x0000000003c0dc70]
Event: 2116.836 Thread 0x0000000055f9d000 13840       3       java.util.concurrent.locks.AbstractQueuedSynchronizer::acquire (27 bytes)
Event: 2116.837 Thread 0x0000000055f9d000 nmethod 13840 0x00000000029e95d0 code [0x00000000029e9780, 0x00000000029e9c18]
Event: 2401.847 Thread 0x0000000055f9d000 13842       3       java.io.ObjectInputStream$BlockDataInputStream::readUTF (10 bytes)
Event: 2401.847 Thread 0x0000000055f9d000 nmethod 13842 0x0000000003701610 code [0x0000000003701780, 0x0000000003701958]
Event: 2401.850 Thread 0x0000000055f9d000 13841       1       java.io.ObjectStreamField::getSignature (5 bytes)
Event: 2401.850 Thread 0x0000000055f9d000 nmethod 13841 0x0000000003cfe3d0 code [0x0000000003cfe520, 0x0000000003cfe630]

GC Heap History (10 events):
Event: 15.262 GC heap after
Heap after GC invocations=15 (full 3):
 PSYoungGen      total 427008K, used 24570K [0x00000000e0000000, 0x0000000100000000, 0x0000000100000000)
  eden space 402432K, 0% used [0x00000000e0000000,0x00000000e0000000,0x00000000f8900000)
  from space 24576K, 99% used [0x00000000fae80000,0x00000000fc67ebd8,0x00000000fc680000)
  to   space 38400K, 0% used [0x00000000f8900000,0x00000000f8900000,0x00000000fae80000)
 ParOldGen       total 91136K, used 50328K [0x00000000a0000000, 0x00000000a5900000, 0x00000000e0000000)
  object space 91136K, 55% used [0x00000000a0000000,0x00000000a3126208,0x00000000a5900000)
 Metaspace       used 46840K, capacity 47582K, committed 48000K, reserved 1091584K
  class space    used 5776K, capacity 5925K, committed 6016K, reserved 1048576K
}
Event: 19.571 GC heap before
{Heap before GC invocations=16 (full 3):
 PSYoungGen      total 427008K, used 427002K [0x00000000e0000000, 0x0000000100000000, 0x0000000100000000)
  eden space 402432K, 100% used [0x00000000e0000000,0x00000000f8900000,0x00000000f8900000)
  from space 24576K, 99% used [0x00000000fae80000,0x00000000fc67ebd8,0x00000000fc680000)
  to   space 38400K, 0% used [0x00000000f8900000,0x00000000f8900000,0x00000000fae80000)
 ParOldGen       total 91136K, used 50328K [0x00000000a0000000, 0x00000000a5900000, 0x00000000e0000000)
  object space 91136K, 55% used [0x00000000a0000000,0x00000000a3126208,0x00000000a5900000)
 Metaspace       used 48646K, capacity 49670K, committed 49920K, reserved 1093632K
  class space    used 5901K, capacity 6111K, committed 6144K, reserved 1048576K
Event: 19.684 GC heap after
Heap after GC invocations=16 (full 3):
 PSYoungGen      total 440832K, used 17928K [0x00000000e0000000, 0x0000000100000000, 0x0000000100000000)
  eden space 402432K, 0% used [0x00000000e0000000,0x00000000e0000000,0x00000000f8900000)
  from space 38400K, 46% used [0x00000000f8900000,0x00000000f9a82188,0x00000000fae80000)
  to   space 36864K, 0% used [0x00000000fdc00000,0x00000000fdc00000,0x0000000100000000)
 ParOldGen       total 91136K, used 68884K [0x00000000a0000000, 0x00000000a5900000, 0x00000000e0000000)
  object space 91136K, 75% used [0x00000000a0000000,0x00000000a4345080,0x00000000a5900000)
 Metaspace       used 48646K, capacity 49670K, committed 49920K, reserved 1093632K
  class space    used 5901K, capacity 6111K, committed 6144K, reserved 1048576K
}
Event: 19.684 GC heap before
{Heap before GC invocations=17 (full 4):
 PSYoungGen      total 440832K, used 17928K [0x00000000e0000000, 0x0000000100000000, 0x0000000100000000)
  eden space 402432K, 0% used [0x00000000e0000000,0x00000000e0000000,0x00000000f8900000)
  from space 38400K, 46% used [0x00000000f8900000,0x00000000f9a82188,0x00000000fae80000)
  to   space 36864K, 0% used [0x00000000fdc00000,0x00000000fdc00000,0x0000000100000000)
 ParOldGen       total 91136K, used 68884K [0x00000000a0000000, 0x00000000a5900000, 0x00000000e0000000)
  object space 91136K, 75% used [0x00000000a0000000,0x00000000a4345080,0x00000000a5900000)
 Metaspace       used 48646K, capacity 49670K, committed 49920K, reserved 1093632K
  class space    used 5901K, capacity 6111K, committed 6144K, reserved 1048576K
Event: 20.198 GC heap after
Heap after GC invocations=17 (full 4):
 PSYoungGen      total 440832K, used 0K [0x00000000e0000000, 0x0000000100000000, 0x0000000100000000)
  eden space 402432K, 0% used [0x00000000e0000000,0x00000000e0000000,0x00000000f8900000)
  from space 38400K, 0% used [0x00000000f8900000,0x00000000f8900000,0x00000000fae80000)
  to   space 36864K, 0% used [0x00000000fdc00000,0x00000000fdc00000,0x0000000100000000)
 ParOldGen       total 161280K, used 71036K [0x00000000a0000000, 0x00000000a9d80000, 0x00000000e0000000)
  object space 161280K, 44% used [0x00000000a0000000,0x00000000a455f270,0x00000000a9d80000)
 Metaspace       used 48646K, capacity 49670K, committed 49920K, reserved 1093632K
  class space    used 5901K, capacity 6111K, committed 6144K, reserved 1048576K
}
Event: 27.694 GC heap before
{Heap before GC invocations=18 (full 4):
 PSYoungGen      total 440832K, used 402432K [0x00000000e0000000, 0x0000000100000000, 0x0000000100000000)
  eden space 402432K, 100% used [0x00000000e0000000,0x00000000f8900000,0x00000000f8900000)
  from space 38400K, 0% used [0x00000000f8900000,0x00000000f8900000,0x00000000fae80000)
  to   space 36864K, 0% used [0x00000000fdc00000,0x00000000fdc00000,0x0000000100000000)
 ParOldGen       total 161280K, used 71036K [0x00000000a0000000, 0x00000000a9d80000, 0x00000000e0000000)
  object space 161280K, 44% used [0x00000000a0000000,0x00000000a455f270,0x00000000a9d80000)
 Metaspace       used 56114K, capacity 57152K, committed 57216K, reserved 1099776K
  class space    used 6483K, capacity 6724K, committed 6784K, reserved 1048576K
Event: 27.734 GC heap after
Heap after GC invocations=18 (full 4):
 PSYoungGen      total 481280K, used 12005K [0x00000000e0000000, 0x00000000ffb80000, 0x0000000100000000)
  eden space 449024K, 0% used [0x00000000e0000000,0x00000000e0000000,0x00000000fb680000)
  from space 32256K, 37% used [0x00000000fdc00000,0x00000000fe7b94f0,0x00000000ffb80000)
  to   space 35328K, 0% used [0x00000000fb680000,0x00000000fb680000,0x00000000fd900000)
 ParOldGen       total 161280K, used 71044K [0x00000000a0000000, 0x00000000a9d80000, 0x00000000e0000000)
  object space 161280K, 44% used [0x00000000a0000000,0x00000000a4561270,0x00000000a9d80000)
 Metaspace       used 56114K, capacity 57152K, committed 57216K, reserved 1099776K
  class space    used 6483K, capacity 6724K, committed 6784K, reserved 1048576K
}
Event: 9610.910 GC heap before
{Heap before GC invocations=19 (full 4):
 PSYoungGen      total 481280K, used 224253K [0x00000000e0000000, 0x00000000ffb80000, 0x0000000100000000)
  eden space 449024K, 47% used [0x00000000e0000000,0x00000000ecf462e0,0x00000000fb680000)
  from space 32256K, 37% used [0x00000000fdc00000,0x00000000fe7b94f0,0x00000000ffb80000)
  to   space 35328K, 0% used [0x00000000fb680000,0x00000000fb680000,0x00000000fd900000)
 ParOldGen       total 161280K, used 71044K [0x00000000a0000000, 0x00000000a9d80000, 0x00000000e0000000)
  object space 161280K, 44% used [0x00000000a0000000,0x00000000a4561270,0x00000000a9d80000)
 Metaspace       used 56672K, capacity 57738K, committed 57984K, reserved 1099776K
  class space    used 6526K, capacity 6763K, committed 6784K, reserved 1048576K
Event: 9610.944 GC heap after
Heap after GC invocations=19 (full 4):
 PSYoungGen      total 484352K, used 2519K [0x00000000e0000000, 0x00000000ffc80000, 0x0000000100000000)
  eden space 449024K, 0% used [0x00000000e0000000,0x00000000e0000000,0x00000000fb680000)
  from space 35328K, 7% used [0x00000000fb680000,0x00000000fb8f5ce8,0x00000000fd900000)
  to   space 35840K, 0% used [0x00000000fd980000,0x00000000fd980000,0x00000000ffc80000)
 ParOldGen       total 161280K, used 76050K [0x00000000a0000000, 0x00000000a9d80000, 0x00000000e0000000)
  object space 161280K, 47% used [0x00000000a0000000,0x00000000a4a44ae0,0x00000000a9d80000)
 Metaspace       used 56672K, capacity 57738K, committed 57984K, reserved 1099776K
  class space    used 6526K, capacity 6763K, committed 6784K, reserved 1048576K
}
Event: 9610.944 GC heap before
{Heap before GC invocations=20 (full 5):
 PSYoungGen      total 484352K, used 2519K [0x00000000e0000000, 0x00000000ffc80000, 0x0000000100000000)
  eden space 449024K, 0% used [0x00000000e0000000,0x00000000e0000000,0x00000000fb680000)
  from space 35328K, 7% used [0x00000000fb680000,0x00000000fb8f5ce8,0x00000000fd900000)
  to   space 35840K, 0% used [0x00000000fd980000,0x00000000fd980000,0x00000000ffc80000)
 ParOldGen       total 161280K, used 76050K [0x00000000a0000000, 0x00000000a9d80000, 0x00000000e0000000)
  object space 161280K, 47% used [0x00000000a0000000,0x00000000a4a44ae0,0x00000000a9d80000)
 Metaspace       used 56672K, capacity 57738K, committed 57984K, reserved 1099776K
  class space    used 6526K, capacity 6763K, committed 6784K, reserved 1048576K

Deoptimization events (10 events):
Event: 28.924 Thread 0x0000000058404800 Uncommon trap: reason=bimorphic action=maybe_recompile pc=0x0000000003feea44 method=org.jetbrains.kotlin.gnu.trove.THashIterator.nextIndex()I @ 8
Event: 28.924 Thread 0x0000000058404800 Uncommon trap: reason=bimorphic action=maybe_recompile pc=0x0000000003ffd718 method=org.jetbrains.kotlin.gnu.trove.THashIterator.nextIndex()I @ 8
Event: 28.924 Thread 0x0000000058404800 Uncommon trap: reason=bimorphic action=maybe_recompile pc=0x0000000003feea44 method=org.jetbrains.kotlin.gnu.trove.THashIterator.nextIndex()I @ 8
Event: 28.924 Thread 0x0000000058404800 Uncommon trap: reason=bimorphic action=maybe_recompile pc=0x0000000003ffd718 method=org.jetbrains.kotlin.gnu.trove.THashIterator.nextIndex()I @ 8
Event: 29.007 Thread 0x0000000058404800 Uncommon trap: reason=bimorphic action=maybe_recompile pc=0x00000000044b81c4 method=org.jetbrains.kotlin.com.intellij.util.containers.LimitedPool.recycle(Ljava/lang/Object;)V @ 45
Event: 29.197 Thread 0x0000000058404800 Uncommon trap: reason=bimorphic action=maybe_recompile pc=0x00000000044b81c4 method=org.jetbrains.kotlin.com.intellij.util.containers.LimitedPool.recycle(Ljava/lang/Object;)V @ 45
Event: 29.197 Thread 0x0000000058404800 Uncommon trap: reason=bimorphic action=maybe_recompile pc=0x00000000044b81c4 method=org.jetbrains.kotlin.com.intellij.util.containers.LimitedPool.recycle(Ljava/lang/Object;)V @ 45
Event: 29.197 Thread 0x0000000058404800 Uncommon trap: reason=bimorphic action=maybe_recompile pc=0x00000000044b81c4 method=org.jetbrains.kotlin.com.intellij.util.containers.LimitedPool.recycle(Ljava/lang/Object;)V @ 45
Event: 29.841 Thread 0x0000000058404800 Uncommon trap: reason=unstable_if action=reinterpret pc=0x0000000004f34f2c method=java.io.ObjectOutputStream$BlockDataOutputStream.drain()V @ 12
Event: 35.866 Thread 0x0000000058404800 Uncommon trap: reason=unstable_if action=reinterpret pc=0x000000000345ac84 method=java.io.BufferedInputStream.read()I @ 23

Internal exceptions (10 events):
Event: 18.658 Thread 0x0000000058404800 Implicit null exception at 0x0000000002a2f986 to 0x0000000002a2fd25
Event: 18.681 Thread 0x0000000058404800 Implicit null exception at 0x0000000002a0cb06 to 0x0000000002a0cead
Event: 20.926 Thread 0x0000000058404800 Implicit null exception at 0x00000000046341a3 to 0x0000000004634249
Event: 21.032 Thread 0x0000000058404800 Implicit null exception at 0x0000000002ab7c45 to 0x0000000002ab7e11
Event: 21.049 Thread 0x0000000058404800 Implicit null exception at 0x000000000305bcf1 to 0x000000000305c0c5
Event: 21.049 Thread 0x0000000058404800 Implicit null exception at 0x0000000003049937 to 0x0000000003049cc1
Event: 21.049 Thread 0x0000000058404800 Implicit null exception at 0x000000000304e93c to 0x000000000304e9a6
Event: 23.568 Thread 0x0000000058404800 Implicit null exception at 0x00000000032c633b to 0x00000000032c68a5
Event: 28.170 Thread 0x0000000058404800 Implicit null exception at 0x0000000003feb466 to 0x0000000003feb4f9
Event: 29.062 Thread 0x0000000058404800 Exception <a 'java/lang/NoSuchMethodError': <clinit>> (0x00000000ebdaea10) thrown at [C:\re\workspace\8-2-build-windows-amd64-cygwin\jdk8u112\7884\hotspot\src\share\vm\prims\jni.cpp, line 1613]

Events (10 events):
Event: 2401.848 Thread 0x0000000055f9d000 flushing nmethod 0x000000000480ed90
Event: 2401.848 Thread 0x0000000055f9d000 flushing nmethod 0x0000000004815a50
Event: 2401.848 Thread 0x0000000055f9d000 flushing nmethod 0x0000000004816050
Event: 2401.848 Thread 0x0000000055f9d000 flushing nmethod 0x0000000004817a10
Event: 2401.848 Thread 0x0000000055f9d000 flushing nmethod 0x0000000004819810
Event: 2401.848 Thread 0x0000000055f9d000 flushing nmethod 0x000000000481b310
Event: 2401.848 Thread 0x0000000055f9d000 flushing nmethod 0x000000000481c290
Event: 2416.847 Executing VM operation: RevokeBias
Event: 2416.847 Executing VM operation: RevokeBias done
Event: 9610.561 Executing VM operation: ParallelGCSystemGC


Dynamic libraries:
0x000000013f250000 - 0x000000013f287000 	C:\Program Files\Java\jdk1.8.0_112\jre\bin\java.exe
0x0000000077830000 - 0x00000000779da000 	C:\Windows\SYSTEM32\ntdll.dll
0x0000000077610000 - 0x000000007772f000 	C:\Windows\system32\kernel32.dll
0x000007fefd770000 - 0x000007fefd7da000 	C:\Windows\system32\KERNELBASE.dll
0x000007fefef20000 - 0x000007fefeffb000 	C:\Windows\system32\ADVAPI32.dll
0x000007feff000000 - 0x000007feff09f000 	C:\Windows\system32\msvcrt.dll
0x000007feff0a0000 - 0x000007feff0bf000 	C:\Windows\SYSTEM32\sechost.dll
0x000007fefedf0000 - 0x000007fefef1d000 	C:\Windows\system32\RPCRT4.dll
0x0000000077730000 - 0x000000007782a000 	C:\Windows\system32\USER32.dll
0x000007feff430000 - 0x000007feff497000 	C:\Windows\system32\GDI32.dll
0x000007feff420000 - 0x000007feff42e000 	C:\Windows\system32\LPK.dll
0x000007fefd980000 - 0x000007fefda4b000 	C:\Windows\system32\USP10.dll
0x000007fefbf60000 - 0x000007fefc154000 	C:\Windows\WinSxS\amd64_microsoft.windows.common-controls_6595b64144ccf1df_6.0.7601.18837_none_fa3b1e3d17594757\COMCTL32.dll
0x000007feff1a0000 - 0x000007feff211000 	C:\Windows\system32\SHLWAPI.dll
0x000007fefed20000 - 0x000007fefed4e000 	C:\Windows\system32\IMM32.DLL
0x000007feff850000 - 0x000007feff959000 	C:\Windows\system32\MSCTF.dll
0x00000000787f0000 - 0x00000000788c2000 	C:\Program Files\Java\jdk1.8.0_112\jre\bin\msvcr100.dll
0x000000006ff10000 - 0x00000000707aa000 	C:\Program Files\Java\jdk1.8.0_112\jre\bin\server\jvm.dll
0x000007fefbd60000 - 0x000007fefbd69000 	C:\Windows\system32\WSOCK32.dll
0x000007feffaf0000 - 0x000007feffb3d000 	C:\Windows\system32\WS2_32.dll
0x000007fefdc30000 - 0x000007fefdc38000 	C:\Windows\system32\NSI.dll
0x000007fefb220000 - 0x000007fefb25b000 	C:\Windows\system32\WINMM.dll
0x000007fefc5f0000 - 0x000007fefc5fc000 	C:\Windows\system32\VERSION.dll
0x00000000779f0000 - 0x00000000779f7000 	C:\Windows\system32\PSAPI.DLL
0x0000000062520000 - 0x000000006252f000 	C:\Program Files\Java\jdk1.8.0_112\jre\bin\verify.dll
0x00000000624f0000 - 0x0000000062519000 	C:\Program Files\Java\jdk1.8.0_112\jre\bin\java.dll
0x0000000000260000 - 0x0000000000276000 	C:\Program Files\Java\jdk1.8.0_112\jre\bin\zip.dll
0x000007fefdca0000 - 0x000007fefea2b000 	C:\Windows\system32\SHELL32.dll
0x000007feff220000 - 0x000007feff41c000 	C:\Windows\system32\ole32.dll
0x000007fefd520000 - 0x000007fefd52f000 	C:\Windows\system32\profapi.dll
0x000000006f540000 - 0x000000006f55a000 	C:\Program Files\Java\jdk1.8.0_112\jre\bin\net.dll
0x000007fefcbd0000 - 0x000007fefcc25000 	C:\Windows\system32\mswsock.dll
0x000007fefcee0000 - 0x000007fefcee7000 	C:\Windows\System32\wship6.dll
0x000000006f840000 - 0x000000006f851000 	C:\Program Files\Java\jdk1.8.0_112\jre\bin\nio.dll
0x00000000624e0000 - 0x00000000624ed000 	C:\Program Files\Java\jdk1.8.0_112\jre\bin\management.dll
0x000007fefce80000 - 0x000007fefce98000 	C:\Windows\system32\CRYPTSP.dll
0x000007fefca10000 - 0x000007fefca57000 	C:\Windows\system32\rsaenh.dll
0x000007fefd5a0000 - 0x000007fefd5be000 	C:\Windows\system32\USERENV.dll
0x000007fefd380000 - 0x000007fefd38f000 	C:\Windows\system32\CRYPTBASE.dll
0x000007fefb020000 - 0x000007fefb047000 	C:\Windows\system32\IPHLPAPI.DLL
0x000007fefb010000 - 0x000007fefb01b000 	C:\Windows\system32\WINNSI.DLL
0x000007fefacb0000 - 0x000007fefacc1000 	C:\Windows\system32\dhcpcsvc6.DLL
0x000007fefaa90000 - 0x000007fefaaa8000 	C:\Windows\system32\dhcpcsvc.DLL
0x000007feed960000 - 0x000007feeda85000 	C:\Windows\system32\dbghelp.dll

VM Arguments:
jvm_args: -Djava.awt.headless=true -Djava.rmi.server.hostname=localhost -Xmx1536m -Dkotlin.environment.keepalive 
java_command: org.jetbrains.kotlin.daemon.KotlinCompileDaemon --daemon-runFilesPath C:\Users\zhiya.zhang.C-STORE\AppData\Local\kotlin\daemon --daemon-autoshutdownIdleSeconds=7200 --daemon-compilerClasspath C:\Users\zhiya.zhang.C-STORE\.gradle\caches\jars-3\b9e86258f18c08ee08f54ca052ae6b24\kotlin-compiler-embeddable-1.1.2-4.jar;C:\Program Files\Java\jdk1.8.0_112\lib\tools.jar
java_class_path (initial): C:\Users\zhiya.zhang.C-STORE\.gradle\caches\jars-3\b9e86258f18c08ee08f54ca052ae6b24\kotlin-compiler-embeddable-1.1.2-4.jar;C:\Program Files\Java\jdk1.8.0_112\lib\tools.jar
Launcher Type: SUN_STANDARD

Environment Variables:
JAVA_HOME=C:\Program Files\Java\jdk1.8.0_112
CLASSPATH=.;C:\Program Files\Java\jdk1.8.0_112\lib;C:\Program Files\Java\jdk1.8.0_112\lib\tools.jar;D:\_Apps\apache-tomcat-8.0.42\bin\BIN
PATH=C:\ProgramData\Oracle\Java\javapath;C:\oracle\ora81\bin;C:\XEClient\bin;C:\Program Files\Borland\Delphi5\Bin;C:\Program Files (x86)\Oracle\jre\1.1.7\bin;C:\Windows\system32;C:\Windows;C:\Windows\System32\Wbem;C:\Windows\System32\WindowsPowerShell\v1.0\;C:\Program Files\Java\jdk1.8.0_112\bin;C:\Program Files\Java\jdk1.8.0_112\jre\bin;D:\java\apache-maven-3.0.5\bin;C:\Program Files\TortoiseSVN\bin;C:\Program Files\Git\cmd;C:\Windows\system32\config\systemprofile\.dnx\bin;C:\Program Files\Microsoft DNX\Dnvm\;C:\Program Files\Microsoft SQL Server\130\Tools\Binn\;C:\Program Files (x86)\Microsoft SQL Server\90\Tools\binn\
USERNAME=zhiya.zhang
OS=Windows_NT
PROCESSOR_IDENTIFIER=Intel64 Family 6 Model 60 Stepping 3, GenuineIntel



---------------  S Y S T E M  ---------------

OS: Windows 7 , 64 bit Build 7601 (6.1.7601.23807)

CPU:total 2 (2 cores per cpu, 1 threads per core) family 6 model 60 stepping 3, cmov, cx8, fxsr, mmx, sse, sse2, sse3, ssse3, sse4.1, sse4.2, popcnt, clmul, erms, lzcnt, tsc, tscinvbit

Memory: 4k page, physical 8299952k(3085332k free), swap 16598044k(8470172k free)

vm_info: Java HotSpot(TM) 64-Bit Server VM (25.112-b15) for windows-amd64 JRE (1.8.0_112-b15), built on Sep 22 2016 21:31:56 by "java_re" with MS VC++ 10.0 (VS2010)

time: Thu Jul 27 20:16:21 2017
elapsed time: 9618 seconds (0d 2h 40m 18s)

